[(1) (2 3), (2) (3 0), (3) (30 0), (4) (0 0), (5) (0 -30), (6) (1 0), (7) (5 -5)]
1
[(1) (2 3), (2) (3 0), (3) (30 0), (4) (0 0), (5) (0 -30), (6) (5 -5)]
1
[(1) (2 3), (2) (3 0), (3) (30 0), (4) (0 0), (5) (0 -30), (6) (1 0)]
1
[(1) (2 3), (2) (3 0), (3) (30 0), (4) (1 0), (5) (0 -30), (6) (5 -5)]
1
[(1) (2 3), (2) (3 0), (3) (30 0), (4) (1 0), (5) (5 -5)]
[(1) (2 3), (2) (3 0), (3) (30 0), (4) (1 0), (5) (5 -5), (6) (0 0), (7) (2 0)]
1
[(1) (0 0), (2) (2 0), (3) (3 0), (4) (2 3), (5) (5 -5), (6) (30 0)]
[(1) (2 3), (2) (3 0), (3) (30 0), (4) (0 0), (5) (5 -5), (6) (2 0)]
1
[(1) (0 0), (2) (2 0), (3) (3 0), (4) (5 -5), (5) (30 0)]
[(1) (3 0), (2) (0 0), (3) (30 0), (4) (2 0), (5) (5 -5)]
1
1
1
1
1
1
1
1
0
0
0
